################################################################################
#
# This file has been generated by SpyGlass:
#     Report Created by: d06027
#     Report Created on: Sat Dec 18 21:40:18 2021
#     Working Directory: /home/raid7_1/userd/d06027/CVSD/110/final/1101_final_v2/01_RTL/Lint
#     Report Location  : ./cvsd_lint/GSIM/cvsd_lint/spyglass_reports/SpyGlass/elab_summary.rpt
#     SpyGlass Version : SpyGlass_vP-2019.06
#     Policy Name      : SpyGlass(SpyGlass_vP-2019.06)
#     Comment          : This report contains RTL and Elaborated names along with parameter values
#
################################################################################

================================================================================
Elaborated Name: 'GSIM'
    (RTL Design Unit name: 'GSIM', ../GSIM.v:1)
     Parameters (Total: 10)
         S_IDLE      = 0 (default: 3'd0)
         S_LD_MTX    = 1 (default: 3'd1)
         S_INIT      = 2 (default: 3'd2)
         S_SOLVE_0   = 3 (default: 3'd3)
         S_SOLVE_1   = 4 (default: 3'd4)
         S_SOLVE_2   = 5 (default: 3'd5)
         S_SW_MTX    = 6 (default: 3'd6)
         S_DONE      = 7 (default: 3'd7)
         ITER_COUNT  = 16 (default: 16)
         SWEEP_COUNT = 16 (default: 16)
================================================================================
