
################################################################################
#
# This file has been generated by SpyGlass:
#     Report Name      : moresimple
#     Report Created by: d06027
#     Report Created on:  Sat Dec 18 21:40:18 2021
#     Working Directory: /home/raid7_1/userd/d06027/CVSD/110/final/1101_final_v2/01_RTL/Lint
#     SpyGlass Version : SpyGlass_vP-2019.06
#     Policy Name      : SpyGlass(SpyGlass_vP-2019.06)
#                        clock-reset(SpyGlass_vP-2019.06)
#                        latch(SpyGlass_vP-2019.06)
#                        lint(SpyGlass_vP-2019.06)
#                        morelint(SpyGlass_vP-2019.06)
#                        openmore(SpyGlass_vP-2019.06)
#                        power_est(SpyGlass_vP-2019.06)
#                        starc(SpyGlass_vP-2019.06)
#                        timing(SpyGlass_vP-2019.06)
#                        txv(SpyGlass_vP-2019.06)
#
#     Total Number of Generated Messages :         17
#     Number of Waived Messages          :          0
#     Number of Reported Messages        :         17
#     Number of Overlimit Messages       :          0
#
#
################################################################################

+++++++++++++++++++++++++++++++++++++++++++++++++++++++++++++++++++++++
MORESIMPLE REPORT:


############### BuiltIn -> RuleGroup=Design Read ###############
+++++++++++++++++++++++++++++++++++++++++++++++++++++++++++++++++++++++++++++++++++++++
ID       Rule                    Alias                   Severity    File                                                                     Line    Wt      Message
======================================================================================
[4]      DetectTopDesignUnits    DetectTopDesignUnits    Info        ../GSIM.v                                                                1       2       Module GSIM is a top level design unit
[0]      WRN_1024                WRN_1024                Warning     ../GSIM.v                                                                81      1000    signed argument 'a_mtx_r[(row_counter_r * 17)]' passed to $signed system function call
[1]      WRN_1024                WRN_1024                Warning     ../GSIM.v                                                                158     1000    signed argument 'add_buf_r' passed to $signed system function call
[2]      WRN_1024                WRN_1024                Warning     ../GSIM.v                                                                158     1000    signed argument 'trunc_mult_data' passed to $signed system function call
[3]      ElabSummary             ElabSummary             Info        ./cvsd_lint/GSIM/cvsd_lint/spyglass_reports/SpyGlass/elab_summary.rpt    0       2       Please refer file './cvsd_lint/GSIM/cvsd_lint/spyglass_reports/SpyGlass/elab_summary.rpt' for elab summary report
+++++++++++++++++++++++++++++++++++++++++++++++++++++++++++++++++++++++++++++++++++++++


############### Non-BuiltIn -> Goal=cvsd_lint ###############
+++++++++++++++++++++++++++++++++++++++++++++++++++++++++++++++++++++++++++++++++++++++
ID       Rule     Alias    Severity    File                                                                      Line    Wt    Message
======================================================================================
[D]      W164a             ERROR       ../GSIM.v                                                                 158     10    LHS: 'add_buf_w' width 37 is less than RHS: '($signed(add_buf_r) - $signed(trunc_mult_data))' width 38 in assignment [Hierarchy: ':GSIM']
[7]      W162              Warning     ../GSIM.v                                                                 131     5     Extension of bits in constant integer conversion is erroneous [Hierarchy: ':GSIM']
[5]      W328              Warning     ../GSIM.v                                                                 131     5     Non-significant bits of constant are truncated during assignment (lhs width 5, rhs width 32)[Hierarchy: ':GSIM']
[6]      W328              Warning     ../GSIM.v                                                                 176     5     Non-significant bits of constant are truncated during assignment (lhs width 1, rhs width 32)[Hierarchy: ':GSIM']
[8]      W484              Warning     ../GSIM.v                                                                 158     10    Possible assignment overflow: lhs width 37 (Expr: 'add_buf_w') should be greater than rhs width 37 (Expr: '($signed(add_buf_r) - $signed(trunc_mult_data))') to accommodate carry/borrow bit, [Hierarchy: ':GSIM']
[9]      W486              Warning     ../GSIM.v                                                                 148     10    Rhs width '34' with shift (Expr: '(init_temp_data << 2)') is more than lhs width '32' (Expr: 'x_data_w[init_counter_r]'), this may cause overflow [Hierarchy: ':GSIM']
[B]      W498              Warning     ../GSIM.v                                                                 75      2     Not all bits of bus 'temp_mult_data'(16 bits) are read [Hierarchy: ':GSIM']
[C]      W498              Warning     ../GSIM.v                                                                 77      2     Not all bits of bus 'scaled_data'(16 bits) are read [Hierarchy: ':GSIM']
[F]      W528              Warning     ../GSIM.v                                                                 79      10    Variable 'temp_mult_data[47:32]' set but not read.[Hierarchy: ':GSIM']
[10]     W528              Warning     ../GSIM.v                                                                 81      10    Variable 'scaled_data[47:46, 13:0]' set but not read.[Hierarchy: ':GSIM']
[A]      W498              Info        ./cvsd_lint/GSIM/cvsd_lint/spyglass_reports/lint/SignalUsageReport.rpt    0       2     Please refer to 'SignalUsageReport.rpt' for details of violating bits
[E]      W528              Info        ./cvsd_lint/GSIM/cvsd_lint/spyglass_reports/lint/SignalUsageReport.rpt    0       10    Please refer to 'SignalUsageReport.rpt' for details of violating bits
+++++++++++++++++++++++++++++++++++++++++++++++++++++++++++++++++++++++++++++++++++++++
