
################################################################################
#
# This file has been generated by SpyGlass:
#     Report Name      : no_msg_reporting_rules
#     Report Created by: d06027
#     Report Created on:  Sat Dec 18 21:40:18 2021
#     Working Directory: /home/raid7_1/userd/d06027/CVSD/110/final/1101_final_v2/01_RTL/Lint
#     SpyGlass Version : SpyGlass_vP-2019.06
#     Policy Name      : SpyGlass(SpyGlass_vP-2019.06)
#                        clock-reset(SpyGlass_vP-2019.06)
#                        latch(SpyGlass_vP-2019.06)
#                        lint(SpyGlass_vP-2019.06)
#                        morelint(SpyGlass_vP-2019.06)
#                        openmore(SpyGlass_vP-2019.06)
#                        power_est(SpyGlass_vP-2019.06)
#                        starc(SpyGlass_vP-2019.06)
#                        timing(SpyGlass_vP-2019.06)
#                        txv(SpyGlass_vP-2019.06)
#
#     Total Number of Generated Messages :         17
#     Number of Waived Messages          :          0
#     Number of Reported Messages        :         17
#     Number of Overlimit Messages       :          0
#
#
################################################################################

NO VIOLATION RULE REPORT :
++++++++++++++++++++++++++++++++++++++++++++++++++++++++++++++++++++++++++++++++

Following rules did not produce any violation or waived off during spyglass run

++++++++++++++++++++++++++++++++++++++++++++++++++++++++++++++++++++++++++++++++


================================================================================
	INDEX                                   RULE-NAME
================================================================================
	1                                  W110
	2                                  W116
	3                                  W120
	4                                  W122
	5                                  W123
	6                                  W143
	7                                  W146
	8                                  W159
	9                                  W163
	10                                 W164b
	11                                 W17
	12                                 W18
	13                                 W180
	14                                 W187
	15                                 W188
	16                                 W210
	17                                 W224
	18                                 W226
	19                                 W238
	20                                 W239
	21                                 W240
	22                                 W241
	23                                 W245
	24                                 W263
	25                                 W287a
	26                                 W287b
	27                                 W287c
	28                                 W289
	29                                 W293
	30                                 W294
	31                                 W316
	32                                 W323
	33                                 W332
	34                                 W336
	35                                 W337
	36                                 W339a
	37                                 W34
	38                                 W341
	39                                 W342
	40                                 W343
	41                                 W362
	42                                 W391
	43                                 W392
	44                                 W395
	45                                 W398
	46                                 W401
	47                                 W402a
	48                                 W402b
	49                                 W414
	50                                 W415
	51                                 W421
	52                                 W422
	53                                 W423
	54                                 W430
	55                                 W442a
	56                                 W442b
	57                                 W442c
	58                                 W442f
	59                                 W443
	60                                 W444
	61                                 W446
	62                                 W448
	63                                 W453
	64                                 W456
	65                                 W456a
	66                                 W464
	67                                 W467
	68                                 W468
	69                                 W488
	70                                 W490
	71                                 W493
	72                                 W494
	73                                 W495
	74                                 W497
	75                                 W502
	76                                 W504
	77                                 W505
	78                                 W552
	79                                 W553
	80                                 W561
	81                                 W563
	82                                 W575
	83                                 W576
	84                                 W69
================================================================================
