################################################################################
#
# This file has been generated by SpyGlass:
#     Report Created by: d06027
#     Report Created on: Sat Dec 18 21:40:18 2021
#     Working Directory: /home/raid7_1/userd/d06027/CVSD/110/final/1101_final_v2/01_RTL/Lint
#     Report Location  : ./cvsd_lint/GSIM/cvsd_lint/spyglass_reports/lint/SignalUsageReport.rpt
#     SpyGlass Version : SpyGlass_vP-2019.06
#     Policy Name      : lint(SpyGlass_vP-2019.06)
#     Comment          : SignalUsageReport : It dumps details of violating bits of a signal

#
################################################################################


W123 (Verilog) : There are no violations of the rule for multibit variables


W497 (Verilog) : There are no violations of the rule for multibit signals


Module : GSIM(HierName :GSIM)

W498 : Following bits of bus 'temp_mult_data'(File Name:../GSIM.v Line No.:75) are not read
	[47:32]	

W498 : Following bits of bus 'scaled_data'(File Name:../GSIM.v Line No.:77) are not read
	[13:0]	[47:46]	

W240 (Verilog) : There are no violations of the rule for multibit variables


W241 (Verilog) : There are no violations of the rule for multibit variables



Module : GSIM(Hierarchy :GSIM)

W528 : Following Bits of signal 'scaled_data' (File Name: ../GSIM.v Line No.: 81) are set but not used
	[47:46]	[13:0]	

W528 : Following Bits of signal 'temp_mult_data' (File Name: ../GSIM.v Line No.: 79) are set but not used
	[47:32]	

W120 (Verilog) : There are no violations of the rule for multibit variables
